<?xml version="1.0" encoding="UTF-8"?>
<!-- Generated by org.testng.reporters.JUnitReportReporter -->
<testsuite skipped="0" hostname="SuryaPC" name="in.srssprojects.keximbank.ParameterExecution" tests="8" failures="0" timestamp="06 Mar 2019 10:11:41 GMT" time="28.965" errors="0">
  <testcase name="loginTest" time="2.064" classname="in.srssprojects.keximbank.ParameterExecution"/>
  <testcase name="loginTest" time="3.324" classname="in.srssprojects.keximbank.ParameterExecution"/>
  <testcase name="roleCreationReset" time="3.317" classname="in.srssprojects.keximbank.ParameterExecution"/>
  <testcase name="roleCreationCancel" time="2.042" classname="in.srssprojects.keximbank.ParameterExecution"/>
  <testcase name="resetData" time="6.485" classname="in.srssprojects.keximbank.ParameterExecution"/>
  <testcase name="creationCancel" time="2.511" classname="in.srssprojects.keximbank.ParameterExecution"/>
  <testcase name="employeeResetData" time="5.931" classname="in.srssprojects.keximbank.ParameterExecution"/>
  <testcase name="employeecancelData" time="3.291" classname="in.srssprojects.keximbank.ParameterExecution"/>
</testsuite> <!-- in.srssprojects.keximbank.ParameterExecution -->
