<?xml version="1.0" encoding="UTF-8"?>
<!-- Generated by org.testng.reporters.JUnitReportReporter -->
<testsuite skipped="0" hostname="SuryaPC" name="in.srssprojects.keximbank.ParameterExecution" tests="7" failures="0" timestamp="11 Mar 2019 12:05:04 GMT" time="40.928" errors="0">
  <testcase name="loginTest" time="3.715" classname="in.srssprojects.keximbank.ParameterExecution"/>
  <testcase name="roleCreationReset" time="3.957" classname="in.srssprojects.keximbank.ParameterExecution"/>
  <testcase name="roleCreationCancel" time="2.533" classname="in.srssprojects.keximbank.ParameterExecution"/>
  <testcase name="resetData" time="6.292" classname="in.srssprojects.keximbank.ParameterExecution"/>
  <testcase name="creationCancel" time="1.743" classname="in.srssprojects.keximbank.ParameterExecution"/>
  <testcase name="employeeResetData" time="10.871" classname="in.srssprojects.keximbank.ParameterExecution"/>
  <testcase name="employeecancelData" time="11.817" classname="in.srssprojects.keximbank.ParameterExecution"/>
</testsuite> <!-- in.srssprojects.keximbank.ParameterExecution -->
