<?xml version="1.0" encoding="UTF-8"?>
<!-- Generated by org.testng.reporters.JUnitReportReporter -->
<testsuite skipped="0" hostname="DESKTOP-B1KRHJ5" name="in.srssprojects.keximbank.TestExecution" tests="4" failures="0" timestamp="25 Feb 2019 09:37:21 GMT" time="35.208" errors="0">
  <testcase name="launchBrowser" time="12.399" classname="in.srssprojects.keximbank.TestExecution"/>
  <testcase name="loginTest" time="4.434" classname="in.srssprojects.keximbank.TestExecution"/>
  <testcase name="branckinfo" time="14.187" classname="in.srssprojects.keximbank.TestExecution"/>
  <testcase name="createRole" time="4.188" classname="in.srssprojects.keximbank.TestExecution"/>
</testsuite> <!-- in.srssprojects.keximbank.TestExecution -->
