<?xml version="1.0" encoding="UTF-8"?>
<!-- Generated by org.testng.reporters.JUnitReportReporter -->
<testsuite skipped="0" hostname="SuryaPC" name="in.srssprojects.keximbank.TestExecution" tests="2" failures="0" timestamp="01 Mar 2019 10:24:56 GMT" time="5.854" errors="0">
  <testcase name="loginTest" time="3.100" classname="in.srssprojects.keximbank.TestExecution"/>
  <testcase name="roleCreationReset" time="2.754" classname="in.srssprojects.keximbank.TestExecution"/>
</testsuite> <!-- in.srssprojects.keximbank.TestExecution -->
