<?xml version="1.0" encoding="UTF-8"?>
<!-- Generated by org.testng.reporters.JUnitReportReporter -->
<testsuite skipped="0" hostname="SuryaPC" name="in.srssprojects.keximbank.TestExecution" tests="7" failures="0" timestamp="06 Mar 2019 09:40:26 GMT" time="22.910" errors="0">
  <testcase name="loginTest" time="3.194" classname="in.srssprojects.keximbank.TestExecution"/>
  <testcase name="roleCreationReset" time="3.442" classname="in.srssprojects.keximbank.TestExecution"/>
  <testcase name="roleCreationCancel" time="1.369" classname="in.srssprojects.keximbank.TestExecution"/>
  <testcase name="resetData" time="5.557" classname="in.srssprojects.keximbank.TestExecution"/>
  <testcase name="creationCancel" time="1.407" classname="in.srssprojects.keximbank.TestExecution"/>
  <testcase name="employeeResetData" time="5.149" classname="in.srssprojects.keximbank.TestExecution"/>
  <testcase name="employeecancelData" time="2.792" classname="in.srssprojects.keximbank.TestExecution"/>
</testsuite> <!-- in.srssprojects.keximbank.TestExecution -->
