<?xml version="1.0" encoding="UTF-8"?>
<!-- Generated by org.testng.reporters.JUnitReportReporter -->
<testsuite skipped="0" hostname="DESKTOP-B1KRHJ5" name="in.srssprojects.keximbank.TestExecution" tests="4" failures="0" timestamp="24 Feb 2019 17:11:55 GMT" time="38.492" errors="0">
  <testcase name="launchBrowser" time="15.046" classname="in.srssprojects.keximbank.TestExecution"/>
  <testcase name="loginTest" time="8.354" classname="in.srssprojects.keximbank.TestExecution"/>
  <testcase name="branckinfo" time="12.199" classname="in.srssprojects.keximbank.TestExecution"/>
  <testcase name="createRole" time="2.893" classname="in.srssprojects.keximbank.TestExecution"/>
</testsuite> <!-- in.srssprojects.keximbank.TestExecution -->
